{"numFailedTestSuites":0,"numFailedTests":0,"numPassedTestSuites":4,"numPassedTests":18,"numPendingTestSuites":0,"numPendingTests":0,"numRuntimeErrorTestSuites":0,"numTodoTests":0,"numTotalTestSuites":4,"numTotalTests":18,"openHandles":[],"snapshot":{"added":0,"didUpdate":false,"failure":false,"filesAdded":0,"filesRemoved":0,"filesRemovedList":[],"filesUnmatched":0,"filesUpdated":0,"matched":0,"total":0,"unchecked":0,"uncheckedKeysByFile":[],"unmatched":0,"updated":0},"startTime":1753529818685,"success":true,"testResults":[{"assertionResults":[{"ancestorTitles":["PropertyFilter"],"failureMessages":[],"fullName":"PropertyFilter renders the filter form fields","location":null,"status":"passed","title":"renders the filter form fields"},{"ancestorTitles":["PropertyFilter"],"failureMessages":[],"fullName":"PropertyFilter calls onFilter with criteria on Filter button click","location":null,"status":"passed","title":"calls onFilter with criteria on Filter button click"},{"ancestorTitles":["PropertyFilter"],"failureMessages":[],"fullName":"PropertyFilter calls onClear and resets fields","location":null,"status":"passed","title":"calls onClear and resets fields"},{"ancestorTitles":["PropertyFilter"],"failureMessages":[],"fullName":"PropertyFilter shows error when minPrice > maxPrice","location":null,"status":"passed","title":"shows error when minPrice > maxPrice"}],"endTime":1753529821785,"message":"","name":"/home/coder/project/workspace/question_generation_service/solutions/a58cad67-f13a-415f-9eb9-069550f67951/reactapp/src/components/PropertyFilter.test.js","startTime":1753529819663,"status":"passed","summary":""},{"assertionResults":[{"ancestorTitles":["PropertyList"],"failureMessages":[],"fullName":"PropertyList renders loading state","location":null,"status":"passed","title":"renders loading state"},{"ancestorTitles":["PropertyList"],"failureMessages":[],"fullName":"PropertyList renders error state","location":null,"status":"passed","title":"renders error state"},{"ancestorTitles":["PropertyList"],"failureMessages":[],"fullName":"PropertyList renders empty state","location":null,"status":"passed","title":"renders empty state"},{"ancestorTitles":["PropertyList"],"failureMessages":[],"fullName":"PropertyList renders a list of properties","location":null,"status":"passed","title":"renders a list of properties"},{"ancestorTitles":["PropertyList"],"failureMessages":[],"fullName":"PropertyList renders property price formatted with commas and dollar","location":null,"status":"passed","title":"renders property price formatted with commas and dollar"},{"ancestorTitles":["PropertyList"],"failureMessages":[],"fullName":"PropertyList selects a property on click","location":null,"status":"passed","title":"selects a property on click"}],"endTime":1753529821882,"message":"","name":"/home/coder/project/workspace/question_generation_service/solutions/a58cad67-f13a-415f-9eb9-069550f67951/reactapp/src/components/PropertyList.test.js","startTime":1753529819771,"status":"passed","summary":""},{"assertionResults":[{"ancestorTitles":["App integration tests"],"failureMessages":[],"fullName":"App integration tests renderPropertyListTest: renders all properties in a list","location":null,"status":"passed","title":"renderPropertyListTest: renders all properties in a list"},{"ancestorTitles":["App integration tests"],"failureMessages":[],"fullName":"App integration tests propertyDetailViewTest: shows full details when a property is selected and can return back","location":null,"status":"passed","title":"propertyDetailViewTest: shows full details when a property is selected and can return back"},{"ancestorTitles":["App integration tests"],"failureMessages":[],"fullName":"App integration tests propertyFilteringTest: filters properties by criteria","location":null,"status":"passed","title":"propertyFilteringTest: filters properties by criteria"},{"ancestorTitles":["App integration tests"],"failureMessages":[],"fullName":"App integration tests apiErrorHandlingTest: shows error when API call fails","location":null,"status":"passed","title":"apiErrorHandlingTest: shows error when API call fails"},{"ancestorTitles":["App integration tests"],"failureMessages":[],"fullName":"App integration tests shows empty state if filter returns no results","location":null,"status":"passed","title":"shows empty state if filter returns no results"}],"endTime":1753529822115,"message":"","name":"/home/coder/project/workspace/question_generation_service/solutions/a58cad67-f13a-415f-9eb9-069550f67951/reactapp/src/App.test.js","startTime":1753529819706,"status":"passed","summary":""},{"assertionResults":[{"ancestorTitles":["PropertyDetail"],"failureMessages":[],"fullName":"PropertyDetail renders all property attributes","location":null,"status":"passed","title":"renders all property attributes"},{"ancestorTitles":["PropertyDetail"],"failureMessages":[],"fullName":"PropertyDetail renders and calls onBack when back button is clicked","location":null,"status":"passed","title":"renders and calls onBack when back button is clicked"},{"ancestorTitles":["PropertyDetail"],"failureMessages":[],"fullName":"PropertyDetail renders nothing if property is null","location":null,"status":"passed","title":"renders nothing if property is null"}],"endTime":1753529822153,"message":"","name":"/home/coder/project/workspace/question_generation_service/solutions/a58cad67-f13a-415f-9eb9-069550f67951/reactapp/src/components/PropertyDetail.test.js","startTime":1753529821821,"status":"passed","summary":""}],"wasInterrupted":false}